Performing C SOURCE FILE Test CMAKE_HAVE_LIBC_PTHREAD failed with the following output:
Change Dir: /home/kichyr/Acronis/kichyr/workspace/supertask/_builds/clang-cxx14/CMakeFiles/CMakeTmp

Run Build Command(s):/usr/bin/make cmTC_085bd/fast && /usr/bin/make  -f CMakeFiles/cmTC_085bd.dir/build.make CMakeFiles/cmTC_085bd.dir/build
make[1]: Entering directory '/home/kichyr/Acronis/kichyr/workspace/supertask/_builds/clang-cxx14/CMakeFiles/CMakeTmp'
Building C object CMakeFiles/cmTC_085bd.dir/src.c.o
/usr/bin/clang   -DCMAKE_HAVE_LIBC_PTHREAD   -o CMakeFiles/cmTC_085bd.dir/src.c.o   -c /home/kichyr/Acronis/kichyr/workspace/supertask/_builds/clang-cxx14/CMakeFiles/CMakeTmp/src.c
Linking C executable cmTC_085bd
/snap/cmake/340/bin/cmake -E cmake_link_script CMakeFiles/cmTC_085bd.dir/link.txt --verbose=1
/usr/bin/clang  -DCMAKE_HAVE_LIBC_PTHREAD    CMakeFiles/cmTC_085bd.dir/src.c.o  -o cmTC_085bd 
/usr/bin/ld: CMakeFiles/cmTC_085bd.dir/src.c.o: in function `main':
src.c:(.text+0x35): undefined reference to `pthread_create'
/usr/bin/ld: src.c:(.text+0x41): undefined reference to `pthread_detach'
/usr/bin/ld: src.c:(.text+0x4d): undefined reference to `pthread_cancel'
/usr/bin/ld: src.c:(.text+0x5f): undefined reference to `pthread_join'
clang: error: linker command failed with exit code 1 (use -v to see invocation)
make[1]: *** [CMakeFiles/cmTC_085bd.dir/build.make:107: cmTC_085bd] Error 1
make[1]: Leaving directory '/home/kichyr/Acronis/kichyr/workspace/supertask/_builds/clang-cxx14/CMakeFiles/CMakeTmp'
make: *** [Makefile:141: cmTC_085bd/fast] Error 2


Source file was:
#include <pthread.h>

void* test_func(void* data)
{
  return data;
}

int main(void)
{
  pthread_t thread;
  pthread_create(&thread, NULL, test_func, NULL);
  pthread_detach(thread);
  pthread_cancel(thread);
  pthread_join(thread, NULL);
  pthread_atfork(NULL, NULL, NULL);
  pthread_exit(NULL);

  return 0;
}

Determining if the function pthread_create exists in the pthreads failed with the following output:
Change Dir: /home/kichyr/Acronis/kichyr/workspace/supertask/_builds/clang-cxx14/CMakeFiles/CMakeTmp

Run Build Command(s):/usr/bin/make cmTC_ad98a/fast && /usr/bin/make  -f CMakeFiles/cmTC_ad98a.dir/build.make CMakeFiles/cmTC_ad98a.dir/build
make[1]: Entering directory '/home/kichyr/Acronis/kichyr/workspace/supertask/_builds/clang-cxx14/CMakeFiles/CMakeTmp'
Building C object CMakeFiles/cmTC_ad98a.dir/CheckFunctionExists.c.o
/usr/bin/clang   -DCHECK_FUNCTION_EXISTS=pthread_create   -o CMakeFiles/cmTC_ad98a.dir/CheckFunctionExists.c.o   -c /snap/cmake/340/share/cmake-3.17/Modules/CheckFunctionExists.c
Linking C executable cmTC_ad98a
/snap/cmake/340/bin/cmake -E cmake_link_script CMakeFiles/cmTC_ad98a.dir/link.txt --verbose=1
/usr/bin/clang  -DCHECK_FUNCTION_EXISTS=pthread_create    CMakeFiles/cmTC_ad98a.dir/CheckFunctionExists.c.o  -o cmTC_ad98a  -lpthreads 
/usr/bin/ld: cannot find -lpthreads
clang: error: linker command failed with exit code 1 (use -v to see invocation)
make[1]: *** [CMakeFiles/cmTC_ad98a.dir/build.make:107: cmTC_ad98a] Error 1
make[1]: Leaving directory '/home/kichyr/Acronis/kichyr/workspace/supertask/_builds/clang-cxx14/CMakeFiles/CMakeTmp'
make: *** [Makefile:141: cmTC_ad98a/fast] Error 2



