Performing C SOURCE FILE Test CMAKE_HAVE_LIBC_PTHREAD failed with the following output:
Change Dir: /home/kichyr/Acronis/kichyr/workspace/supertask/_builds/default/CMakeFiles/CMakeTmp

Run Build Command(s):/usr/bin/make cmTC_1e962/fast && /usr/bin/make  -f CMakeFiles/cmTC_1e962.dir/build.make CMakeFiles/cmTC_1e962.dir/build
make[1]: Entering directory '/home/kichyr/Acronis/kichyr/workspace/supertask/_builds/default/CMakeFiles/CMakeTmp'
Building C object CMakeFiles/cmTC_1e962.dir/src.c.o
/usr/bin/cc   -DCMAKE_HAVE_LIBC_PTHREAD   -o CMakeFiles/cmTC_1e962.dir/src.c.o   -c /home/kichyr/Acronis/kichyr/workspace/supertask/_builds/default/CMakeFiles/CMakeTmp/src.c
Linking C executable cmTC_1e962
/snap/cmake/340/bin/cmake -E cmake_link_script CMakeFiles/cmTC_1e962.dir/link.txt --verbose=1
/usr/bin/cc  -DCMAKE_HAVE_LIBC_PTHREAD    CMakeFiles/cmTC_1e962.dir/src.c.o  -o cmTC_1e962 
/usr/bin/ld: CMakeFiles/cmTC_1e962.dir/src.c.o: in function `main':
src.c:(.text+0x46): undefined reference to `pthread_create'
/usr/bin/ld: src.c:(.text+0x52): undefined reference to `pthread_detach'
/usr/bin/ld: src.c:(.text+0x5e): undefined reference to `pthread_cancel'
/usr/bin/ld: src.c:(.text+0x6f): undefined reference to `pthread_join'
collect2: error: ld returned 1 exit status
make[1]: *** [CMakeFiles/cmTC_1e962.dir/build.make:107: cmTC_1e962] Error 1
make[1]: Leaving directory '/home/kichyr/Acronis/kichyr/workspace/supertask/_builds/default/CMakeFiles/CMakeTmp'
make: *** [Makefile:141: cmTC_1e962/fast] Error 2


Source file was:
#include <pthread.h>

void* test_func(void* data)
{
  return data;
}

int main(void)
{
  pthread_t thread;
  pthread_create(&thread, NULL, test_func, NULL);
  pthread_detach(thread);
  pthread_cancel(thread);
  pthread_join(thread, NULL);
  pthread_atfork(NULL, NULL, NULL);
  pthread_exit(NULL);

  return 0;
}

Determining if the function pthread_create exists in the pthreads failed with the following output:
Change Dir: /home/kichyr/Acronis/kichyr/workspace/supertask/_builds/default/CMakeFiles/CMakeTmp

Run Build Command(s):/usr/bin/make cmTC_cf8c5/fast && /usr/bin/make  -f CMakeFiles/cmTC_cf8c5.dir/build.make CMakeFiles/cmTC_cf8c5.dir/build
make[1]: Entering directory '/home/kichyr/Acronis/kichyr/workspace/supertask/_builds/default/CMakeFiles/CMakeTmp'
Building C object CMakeFiles/cmTC_cf8c5.dir/CheckFunctionExists.c.o
/usr/bin/cc   -DCHECK_FUNCTION_EXISTS=pthread_create   -o CMakeFiles/cmTC_cf8c5.dir/CheckFunctionExists.c.o   -c /snap/cmake/340/share/cmake-3.17/Modules/CheckFunctionExists.c
Linking C executable cmTC_cf8c5
/snap/cmake/340/bin/cmake -E cmake_link_script CMakeFiles/cmTC_cf8c5.dir/link.txt --verbose=1
/usr/bin/cc  -DCHECK_FUNCTION_EXISTS=pthread_create    CMakeFiles/cmTC_cf8c5.dir/CheckFunctionExists.c.o  -o cmTC_cf8c5  -lpthreads 
/usr/bin/ld: cannot find -lpthreads
collect2: error: ld returned 1 exit status
make[1]: *** [CMakeFiles/cmTC_cf8c5.dir/build.make:107: cmTC_cf8c5] Error 1
make[1]: Leaving directory '/home/kichyr/Acronis/kichyr/workspace/supertask/_builds/default/CMakeFiles/CMakeTmp'
make: *** [Makefile:141: cmTC_cf8c5/fast] Error 2



Performing C SOURCE FILE Test CMAKE_HAVE_LIBC_PTHREAD failed with the following output:
Change Dir: /home/kichyr/Acronis/kichyr/workspace/supertask/_builds/default/CMakeFiles/CMakeTmp

Run Build Command(s):/usr/bin/make cmTC_4b837/fast && /usr/bin/make  -f CMakeFiles/cmTC_4b837.dir/build.make CMakeFiles/cmTC_4b837.dir/build
make[1]: Entering directory '/home/kichyr/Acronis/kichyr/workspace/supertask/_builds/default/CMakeFiles/CMakeTmp'
Building C object CMakeFiles/cmTC_4b837.dir/src.c.o
/usr/bin/cc   -DCMAKE_HAVE_LIBC_PTHREAD   -o CMakeFiles/cmTC_4b837.dir/src.c.o   -c /home/kichyr/Acronis/kichyr/workspace/supertask/_builds/default/CMakeFiles/CMakeTmp/src.c
Linking C executable cmTC_4b837
/snap/cmake/340/bin/cmake -E cmake_link_script CMakeFiles/cmTC_4b837.dir/link.txt --verbose=1
/usr/bin/cc  -DCMAKE_HAVE_LIBC_PTHREAD    CMakeFiles/cmTC_4b837.dir/src.c.o  -o cmTC_4b837 
/usr/bin/ld: CMakeFiles/cmTC_4b837.dir/src.c.o: in function `main':
src.c:(.text+0x46): undefined reference to `pthread_create'
/usr/bin/ld: src.c:(.text+0x52): undefined reference to `pthread_detach'
/usr/bin/ld: src.c:(.text+0x5e): undefined reference to `pthread_cancel'
/usr/bin/ld: src.c:(.text+0x6f): undefined reference to `pthread_join'
collect2: error: ld returned 1 exit status
make[1]: *** [CMakeFiles/cmTC_4b837.dir/build.make:107: cmTC_4b837] Error 1
make[1]: Leaving directory '/home/kichyr/Acronis/kichyr/workspace/supertask/_builds/default/CMakeFiles/CMakeTmp'
make: *** [Makefile:141: cmTC_4b837/fast] Error 2


Source file was:
#include <pthread.h>

void* test_func(void* data)
{
  return data;
}

int main(void)
{
  pthread_t thread;
  pthread_create(&thread, NULL, test_func, NULL);
  pthread_detach(thread);
  pthread_cancel(thread);
  pthread_join(thread, NULL);
  pthread_atfork(NULL, NULL, NULL);
  pthread_exit(NULL);

  return 0;
}

Determining if the function pthread_create exists in the pthreads failed with the following output:
Change Dir: /home/kichyr/Acronis/kichyr/workspace/supertask/_builds/default/CMakeFiles/CMakeTmp

Run Build Command(s):/usr/bin/make cmTC_06bfa/fast && /usr/bin/make  -f CMakeFiles/cmTC_06bfa.dir/build.make CMakeFiles/cmTC_06bfa.dir/build
make[1]: Entering directory '/home/kichyr/Acronis/kichyr/workspace/supertask/_builds/default/CMakeFiles/CMakeTmp'
Building C object CMakeFiles/cmTC_06bfa.dir/CheckFunctionExists.c.o
/usr/bin/cc   -DCHECK_FUNCTION_EXISTS=pthread_create   -o CMakeFiles/cmTC_06bfa.dir/CheckFunctionExists.c.o   -c /snap/cmake/340/share/cmake-3.17/Modules/CheckFunctionExists.c
Linking C executable cmTC_06bfa
/snap/cmake/340/bin/cmake -E cmake_link_script CMakeFiles/cmTC_06bfa.dir/link.txt --verbose=1
/usr/bin/cc  -DCHECK_FUNCTION_EXISTS=pthread_create    CMakeFiles/cmTC_06bfa.dir/CheckFunctionExists.c.o  -o cmTC_06bfa  -lpthreads 
/usr/bin/ld: cannot find -lpthreads
collect2: error: ld returned 1 exit status
make[1]: *** [CMakeFiles/cmTC_06bfa.dir/build.make:107: cmTC_06bfa] Error 1
make[1]: Leaving directory '/home/kichyr/Acronis/kichyr/workspace/supertask/_builds/default/CMakeFiles/CMakeTmp'
make: *** [Makefile:141: cmTC_06bfa/fast] Error 2



Performing C SOURCE FILE Test CMAKE_HAVE_LIBC_PTHREAD failed with the following output:
Change Dir: /home/kichyr/Acronis/kichyr/workspace/supertask/_builds/default/CMakeFiles/CMakeTmp

Run Build Command(s):/usr/bin/make cmTC_14161/fast && /usr/bin/make  -f CMakeFiles/cmTC_14161.dir/build.make CMakeFiles/cmTC_14161.dir/build
make[1]: Entering directory '/home/kichyr/Acronis/kichyr/workspace/supertask/_builds/default/CMakeFiles/CMakeTmp'
Building C object CMakeFiles/cmTC_14161.dir/src.c.o
/usr/bin/cc   -DCMAKE_HAVE_LIBC_PTHREAD   -o CMakeFiles/cmTC_14161.dir/src.c.o   -c /home/kichyr/Acronis/kichyr/workspace/supertask/_builds/default/CMakeFiles/CMakeTmp/src.c
Linking C executable cmTC_14161
/snap/cmake/340/bin/cmake -E cmake_link_script CMakeFiles/cmTC_14161.dir/link.txt --verbose=1
/usr/bin/cc  -DCMAKE_HAVE_LIBC_PTHREAD    CMakeFiles/cmTC_14161.dir/src.c.o  -o cmTC_14161 
/usr/bin/ld: CMakeFiles/cmTC_14161.dir/src.c.o: in function `main':
src.c:(.text+0x46): undefined reference to `pthread_create'
/usr/bin/ld: src.c:(.text+0x52): undefined reference to `pthread_detach'
/usr/bin/ld: src.c:(.text+0x5e): undefined reference to `pthread_cancel'
/usr/bin/ld: src.c:(.text+0x6f): undefined reference to `pthread_join'
collect2: error: ld returned 1 exit status
make[1]: *** [CMakeFiles/cmTC_14161.dir/build.make:107: cmTC_14161] Error 1
make[1]: Leaving directory '/home/kichyr/Acronis/kichyr/workspace/supertask/_builds/default/CMakeFiles/CMakeTmp'
make: *** [Makefile:141: cmTC_14161/fast] Error 2


Source file was:
#include <pthread.h>

void* test_func(void* data)
{
  return data;
}

int main(void)
{
  pthread_t thread;
  pthread_create(&thread, NULL, test_func, NULL);
  pthread_detach(thread);
  pthread_cancel(thread);
  pthread_join(thread, NULL);
  pthread_atfork(NULL, NULL, NULL);
  pthread_exit(NULL);

  return 0;
}

Determining if the function pthread_create exists in the pthreads failed with the following output:
Change Dir: /home/kichyr/Acronis/kichyr/workspace/supertask/_builds/default/CMakeFiles/CMakeTmp

Run Build Command(s):/usr/bin/make cmTC_b8bf5/fast && /usr/bin/make  -f CMakeFiles/cmTC_b8bf5.dir/build.make CMakeFiles/cmTC_b8bf5.dir/build
make[1]: Entering directory '/home/kichyr/Acronis/kichyr/workspace/supertask/_builds/default/CMakeFiles/CMakeTmp'
Building C object CMakeFiles/cmTC_b8bf5.dir/CheckFunctionExists.c.o
/usr/bin/cc   -DCHECK_FUNCTION_EXISTS=pthread_create   -o CMakeFiles/cmTC_b8bf5.dir/CheckFunctionExists.c.o   -c /snap/cmake/340/share/cmake-3.17/Modules/CheckFunctionExists.c
Linking C executable cmTC_b8bf5
/snap/cmake/340/bin/cmake -E cmake_link_script CMakeFiles/cmTC_b8bf5.dir/link.txt --verbose=1
/usr/bin/cc  -DCHECK_FUNCTION_EXISTS=pthread_create    CMakeFiles/cmTC_b8bf5.dir/CheckFunctionExists.c.o  -o cmTC_b8bf5  -lpthreads 
/usr/bin/ld: cannot find -lpthreads
collect2: error: ld returned 1 exit status
make[1]: *** [CMakeFiles/cmTC_b8bf5.dir/build.make:107: cmTC_b8bf5] Error 1
make[1]: Leaving directory '/home/kichyr/Acronis/kichyr/workspace/supertask/_builds/default/CMakeFiles/CMakeTmp'
make: *** [Makefile:141: cmTC_b8bf5/fast] Error 2



Performing C SOURCE FILE Test CMAKE_HAVE_LIBC_PTHREAD failed with the following output:
Change Dir: /home/kichyr/Acronis/kichyr/workspace/supertask/_builds/default/CMakeFiles/CMakeTmp

Run Build Command(s):/usr/bin/make cmTC_147d9/fast && /usr/bin/make  -f CMakeFiles/cmTC_147d9.dir/build.make CMakeFiles/cmTC_147d9.dir/build
make[1]: Entering directory '/home/kichyr/Acronis/kichyr/workspace/supertask/_builds/default/CMakeFiles/CMakeTmp'
Building C object CMakeFiles/cmTC_147d9.dir/src.c.o
/usr/bin/cc   -DCMAKE_HAVE_LIBC_PTHREAD   -o CMakeFiles/cmTC_147d9.dir/src.c.o   -c /home/kichyr/Acronis/kichyr/workspace/supertask/_builds/default/CMakeFiles/CMakeTmp/src.c
Linking C executable cmTC_147d9
/snap/cmake/340/bin/cmake -E cmake_link_script CMakeFiles/cmTC_147d9.dir/link.txt --verbose=1
/usr/bin/cc  -DCMAKE_HAVE_LIBC_PTHREAD    CMakeFiles/cmTC_147d9.dir/src.c.o  -o cmTC_147d9 
/usr/bin/ld: CMakeFiles/cmTC_147d9.dir/src.c.o: in function `main':
src.c:(.text+0x46): undefined reference to `pthread_create'
/usr/bin/ld: src.c:(.text+0x52): undefined reference to `pthread_detach'
/usr/bin/ld: src.c:(.text+0x5e): undefined reference to `pthread_cancel'
/usr/bin/ld: src.c:(.text+0x6f): undefined reference to `pthread_join'
collect2: error: ld returned 1 exit status
make[1]: *** [CMakeFiles/cmTC_147d9.dir/build.make:107: cmTC_147d9] Error 1
make[1]: Leaving directory '/home/kichyr/Acronis/kichyr/workspace/supertask/_builds/default/CMakeFiles/CMakeTmp'
make: *** [Makefile:141: cmTC_147d9/fast] Error 2


Source file was:
#include <pthread.h>

void* test_func(void* data)
{
  return data;
}

int main(void)
{
  pthread_t thread;
  pthread_create(&thread, NULL, test_func, NULL);
  pthread_detach(thread);
  pthread_cancel(thread);
  pthread_join(thread, NULL);
  pthread_atfork(NULL, NULL, NULL);
  pthread_exit(NULL);

  return 0;
}

Determining if the function pthread_create exists in the pthreads failed with the following output:
Change Dir: /home/kichyr/Acronis/kichyr/workspace/supertask/_builds/default/CMakeFiles/CMakeTmp

Run Build Command(s):/usr/bin/make cmTC_4cda7/fast && /usr/bin/make  -f CMakeFiles/cmTC_4cda7.dir/build.make CMakeFiles/cmTC_4cda7.dir/build
make[1]: Entering directory '/home/kichyr/Acronis/kichyr/workspace/supertask/_builds/default/CMakeFiles/CMakeTmp'
Building C object CMakeFiles/cmTC_4cda7.dir/CheckFunctionExists.c.o
/usr/bin/cc   -DCHECK_FUNCTION_EXISTS=pthread_create   -o CMakeFiles/cmTC_4cda7.dir/CheckFunctionExists.c.o   -c /snap/cmake/340/share/cmake-3.17/Modules/CheckFunctionExists.c
Linking C executable cmTC_4cda7
/snap/cmake/340/bin/cmake -E cmake_link_script CMakeFiles/cmTC_4cda7.dir/link.txt --verbose=1
/usr/bin/cc  -DCHECK_FUNCTION_EXISTS=pthread_create    CMakeFiles/cmTC_4cda7.dir/CheckFunctionExists.c.o  -o cmTC_4cda7  -lpthreads 
/usr/bin/ld: cannot find -lpthreads
collect2: error: ld returned 1 exit status
make[1]: *** [CMakeFiles/cmTC_4cda7.dir/build.make:107: cmTC_4cda7] Error 1
make[1]: Leaving directory '/home/kichyr/Acronis/kichyr/workspace/supertask/_builds/default/CMakeFiles/CMakeTmp'
make: *** [Makefile:141: cmTC_4cda7/fast] Error 2



